<?xml version="1.0" encoding="UTF-8"?>
<testsuite xmlns:xsi="http://www.w3.org/2001/XMLSchema-instance" xsi:noNamespaceSchemaLocation="https://maven.apache.org/surefire/maven-surefire-plugin/xsd/surefire-test-report.xsd" name="TestSuite" time="451.596" tests="3" errors="0" skipped="0" failures="0">
  <properties>
[...]
</properties>
  <testcase name="Caso_1_Test" classname="A01_TestLab.Proy2_QAnova_Piloto.TL020110_Caso_1" time="32.993"/>
  <testcase name="Caso_2_Test" classname="A01_TestLab.Proy2_QAnova_Piloto.TL020110_Caso_2" time="31.238"/>
  <testcase name="Caso_3_Test" classname="A01_TestLab.Proy2_QAnova_Piloto.TL020110_Caso_3" time="341.256"/>
</testsuite>