<?xml version="1.0" encoding="UTF-8"?>
<testng-results skipped="0" failed="0" total="1" passed="1">
  <reporter-output>
  </reporter-output>
  <suite name="Default suite" duration-ms="153991" started-at="2019-04-02T20:23:11Z" finished-at="2019-04-02T20:25:45Z">
    <groups>
    </groups>
    <test name="Default test" duration-ms="153991" started-at="2019-04-02T20:23:11Z" finished-at="2019-04-02T20:25:45Z">
      <class name="Testcases.Caso_Susana_01">
        <test-method status="PASS" signature="setUp()[pri:0, instance:Testcases.Caso_Susana_01@5faeada1]" name="setUp" is-config="true" duration-ms="6055" started-at="2019-04-02T17:23:11Z" finished-at="2019-04-02T17:23:17Z">
          <reporter-output>
          </reporter-output>
        </test-method> <!-- setUp -->
        <test-method status="PASS" signature="Pagina_login_susana()[pri:1, instance:Testcases.Caso_Susana_01@5faeada1]" name="Pagina_login_susana" duration-ms="147920" started-at="2019-04-02T17:23:17Z" finished-at="2019-04-02T17:25:45Z">
          <reporter-output>
          </reporter-output>
        </test-method> <!-- Pagina_login_susana -->
      </class> <!-- Testcases.Caso_Susana_01 -->
    </test> <!-- Default test -->
  </suite> <!-- Default suite -->
</testng-results>
